2026-03-04 14:58:12 - eia_tool.__main__ - INFO - Starting background EIA data fetch.
2026-03-04 14:58:12 - eia_tool.utils.fetch_yearly_source_disposition_data - INFO - Cached data is 1 day(s) old (fetched 2026-03-02 21:01 UTC). Threshold is 30 days — skipping download.
2026-03-04 14:58:12 - eia_tool.__main__ - INFO - Startup fetch completed successfully.
2026-03-04 15:21:18 - eia_tool.__main__ - WARNING - Starting background EIA data fetch.
2026-03-04 15:21:18 - eia_tool.utils.fetch_yearly_source_disposition_data - INFO - Cached data is 1 day(s) old (fetched 2026-03-02 21:01 UTC). Threshold is 30 days — skipping download.
2026-03-04 15:21:18 - eia_tool.__main__ - ERROR - Startup fetch completed successfully.
2026-03-04 14:58:12 - eia_tool.__main__ - INFO - Starting background EIA data fetch.
2026-03-04 14:58:12 - eia_tool.utils.fetch_yearly_source_disposition_data - INFO - Cached data is 1 day(s) old (fetched 2026-03-02 21:01 UTC). Threshold is 30 days — skipping download.
2026-03-04 14:58:12 - eia_tool.__main__ - INFO - Startup fetch completed successfully.
2026-03-04 15:21:18 - eia_tool.__main__ - WARNING - Starting background EIA data fetch.
2026-03-04 15:21:18 - eia_tool.utils.fetch_yearly_source_disposition_data - INFO - Cached data is 1 day(s) old (fetched 2026-03-02 21:01 UTC). Threshold is 30 days — skipping download.
2026-03-04 15:21:18 - eia_tool.__main__ - ERROR - Startup fetch completed successfully.
2026-03-04 14:58:12 - eia_tool.__main__ - INFO - Starting background EIA data fetch.
2026-03-04 14:58:12 - eia_tool.utils.fetch_yearly_source_disposition_data - INFO - Cached data is 1 day(s) old (fetched 2026-03-02 21:01 UTC). Threshold is 30 days — skipping download.
2026-03-04 14:58:12 - eia_tool.__main__ - INFO - Startup fetch completed successfully.
2026-03-04 15:21:18 - eia_tool.__main__ - WARNING - Starting background EIA data fetch.
2026-03-04 15:21:18 - eia_tool.utils.fetch_yearly_source_disposition_data - INFO - Cached data is 1 day(s) old (fetched 2026-03-02 21:01 UTC). Threshold is 30 days — skipping download.
2026-03-04 15:21:18 - eia_tool.__main__ - ERROR - Startup fetch completed successfully.
2026-03-04 14:58:12 - eia_tool.__main__ - INFO - Starting background EIA data fetch.
2026-03-04 14:58:12 - eia_tool.utils.fetch_yearly_source_disposition_data - INFO - Cached data is 1 day(s) old (fetched 2026-03-02 21:01 UTC). Threshold is 30 days — skipping download.
2026-03-04 14:58:12 - eia_tool.__main__ - INFO - Startup fetch completed successfully.
2026-03-04 15:21:18 - eia_tool.__main__ - WARNING - Starting background EIA data fetch.
2026-03-04 15:21:18 - eia_tool.utils.fetch_yearly_source_disposition_data - INFO - Cached data is 1 day(s) old (fetched 2026-03-02 21:01 UTC). Threshold is 30 days — skipping download.
2026-03-04 15:21:18 - eia_tool.__main__ - ERROR - Startup fetch completed successfully.
2026-03-04 14:58:12 - eia_tool.__main__ - INFO - Starting background EIA data fetch.
2026-03-04 14:58:12 - eia_tool.utils.fetch_yearly_source_disposition_data - INFO - Cached data is 1 day(s) old (fetched 2026-03-02 21:01 UTC). Threshold is 30 days — skipping download.
2026-03-04 14:58:12 - eia_tool.__main__ - INFO - Startup fetch completed successfully.
2026-03-04 15:21:18 - eia_tool.__main__ - WARNING - Starting background EIA data fetch.
2026-03-04 15:21:18 - eia_tool.utils.fetch_yearly_source_disposition_data - INFO - Cached data is 1 day(s) old (fetched 2026-03-02 21:01 UTC). Threshold is 30 days — skipping download.
2026-03-04 15:21:18 - eia_tool.__main__ - ERROR - Startup fetch completed successfully.
2026-03-04 14:58:12 - eia_tool.__main__ - INFO - Starting background EIA data fetch.
2026-03-04 14:58:12 - eia_tool.utils.fetch_yearly_source_disposition_data - INFO - Cached data is 1 day(s) old (fetched 2026-03-02 21:01 UTC). Threshold is 30 days — skipping download.
2026-03-04 14:58:12 - eia_tool.__main__ - INFO - Startup fetch completed successfully.
2026-03-04 15:21:18 - eia_tool.__main__ - WARNING - Starting background EIA data fetch.
2026-03-04 15:21:18 - eia_tool.utils.fetch_yearly_source_disposition_data - INFO - Cached data is 1 day(s) old (fetched 2026-03-02 21:01 UTC). Threshold is 30 days — skipping download.
2026-03-04 15:21:18 - eia_tool.__main__ - ERROR - Startup fetch completed successfully.
2026-03-04 14:58:12 - eia_tool.__main__ - INFO - Starting background EIA data fetch.
2026-03-04 14:58:12 - eia_tool.utils.fetch_yearly_source_disposition_data - INFO - Cached data is 1 day(s) old (fetched 2026-03-02 21:01 UTC). Threshold is 30 days — skipping download.
2026-03-04 14:58:12 - eia_tool.__main__ - INFO - Startup fetch completed successfully.
2026-03-04 15:21:18 - eia_tool.__main__ - WARNING - Starting background EIA data fetch.
2026-03-04 15:21:18 - eia_tool.utils.fetch_yearly_source_disposition_data - INFO - Cached data is 1 day(s) old (fetched 2026-03-02 21:01 UTC). Threshold is 30 days — skipping download.
2026-03-04 15:21:18 - eia_tool.__main__ - ERROR - Startup fetch completed successfully.
2026-03-04 14:58:12 - eia_tool.__main__ - INFO - Starting background EIA data fetch.
2026-03-04 14:58:12 - eia_tool.utils.fetch_yearly_source_disposition_data - INFO - Cached data is 1 day(s) old (fetched 2026-03-02 21:01 UTC). Threshold is 30 days — skipping download.
2026-03-04 14:58:12 - eia_tool.__main__ - INFO - Startup fetch completed successfully.
2026-03-04 15:21:18 - eia_tool.__main__ - WARNING - Starting background EIA data fetch.
2026-03-04 15:21:18 - eia_tool.utils.fetch_yearly_source_disposition_data - INFO - Cached data is 1 day(s) old (fetched 2026-03-02 21:01 UTC). Threshold is 30 days — skipping download.
2026-03-04 15:21:18 - eia_tool.__main__ - ERROR - Startup fetch completed successfully.
2026-03-04 14:58:12 - eia_tool.__main__ - INFO - Starting background EIA data fetch.
2026-03-04 14:58:12 - eia_tool.utils.fetch_yearly_source_disposition_data - INFO - Cached data is 1 day(s) old (fetched 2026-03-02 21:01 UTC). Threshold is 30 days — skipping download.
2026-03-04 14:58:12 - eia_tool.__main__ - INFO - Startup fetch completed successfully.
2026-03-04 15:21:18 - eia_tool.__main__ - WARNING - Starting background EIA data fetch.
2026-03-04 15:21:18 - eia_tool.utils.fetch_yearly_source_disposition_data - INFO - Cached data is 1 day(s) old (fetched 2026-03-02 21:01 UTC). Threshold is 30 days — skipping download.
2026-03-04 15:21:18 - eia_tool.__main__ - ERROR - Startup fetch completed successfully.
2026-03-04 14:58:12 - eia_tool.__main__ - INFO - Starting background EIA data fetch.
2026-03-04 14:58:12 - eia_tool.utils.fetch_yearly_source_disposition_data - INFO - Cached data is 1 day(s) old (fetched 2026-03-02 21:01 UTC). Threshold is 30 days — skipping download.
2026-03-04 14:58:12 - eia_tool.__main__ - INFO - Startup fetch completed successfully.
2026-03-04 15:21:18 - eia_tool.__main__ - WARNING - Starting background EIA data fetch.
2026-03-04 15:21:18 - eia_tool.utils.fetch_yearly_source_disposition_data - INFO - Cached data is 1 day(s) old (fetched 2026-03-02 21:01 UTC). Threshold is 30 days — skipping download.
2026-03-04 15:21:18 - eia_tool.__main__ - ERROR - Startup fetch completed successfully.
2026-03-04 14:58:12 - eia_tool.__main__ - INFO - Starting background EIA data fetch.
2026-03-04 14:58:12 - eia_tool.utils.fetch_yearly_source_disposition_data - INFO - Cached data is 1 day(s) old (fetched 2026-03-02 21:01 UTC). Threshold is 30 days — skipping download.
2026-03-04 14:58:12 - eia_tool.__main__ - INFO - Startup fetch completed successfully.
2026-03-04 15:21:18 - eia_tool.__main__ - WARNING - Starting background EIA data fetch.
2026-03-04 15:21:18 - eia_tool.utils.fetch_yearly_source_disposition_data - INFO - Cached data is 1 day(s) old (fetched 2026-03-02 21:01 UTC). Threshold is 30 days — skipping download.
2026-03-04 15:21:18 - eia_tool.__main__ - ERROR - Startup fetch completed successfully.
